[    0000] Itiizng cousubs cse
[  00000Iniaizincgupsubsyspu
[   0.000] Itiizng coususys cpcc
[  0.000] Luxerion 4.13-gener (uildlc1-md6420(gcc vsi 5.4 26009 (un 54.0-buu116.010) #1-Unt SMPonug 2105:1 UTC 18Ubun 44.-13561enric 4.0)
[    0000] mmd ine: BT_AGE=oovminuz-4.035-ger rot=LAB=cudimrofsro conlety1 nse=tyS0
  0.0000 KNE spoedcpus
[  .00000  ntelennentel
  0.0000] AMD thtiAMD   0.0000] CenurenaurHauls
[  0.0000]86/f: tae_ofet]: 576, ta_siz[2  56
[  00000 x/fu: Suprtg XSE atre 0x0 '7 flti pinrestrs'   0.00000x8/fpuSuorti XVEfeate 02 'SSE egisrs'  0.0000] 6/fp Spoti XVEfeate 04 'AVX giers'[   0.00] 86/f: ablexstefeatesx7, ntt ize  8 btes,si 'standardform.    0.00] e8: IOS-rovided yscal M p:
[  0.0000BI-e20: emx0000000000-0x000000fb] sable   0.000 BOS-e82 [m 0x0000009fc00x000000fff] resve
[  0.0000] OS82: [m 000000000f00-0x000000ffff rerve
[  .00000 BS-e8: em0x0000001000-00000003fff] usle[    0000] BS-20 [mem 000000ff000x0000fffff]CP data    0.00] BIOS82 [mem 000000fec000x00000ec0fff] seed
[  00000 BS-820:me0x000000ee000-00000fee00f]eserd[    0000] BS-20 [m 000000ff00-0x00000fffff]esered
[  0.0000]X (Ecu Dsabl ptectn:ctve
[  00000 SIO 2.5rent
[  00000] peisorette: KV
[  .0000]820:aspf = 0ff mx_ar_p =0x40000
[  00000]TRR:isable
[   0.00] x8PA MRRs saed, ipngPAT itliation o.
[  0.000] CPUTR allla -virtuazesystm.[   0000 x86ATCofiguraon0-7]WBWT UC- U W WT C-UC  
  0.0000] unSMP MPab at emx009fff0x09fff mpe at [ff80000ff]
[  00000]cain 1 are f lowemrycorrupon
[  0.000] RAMSK[memx30a00-0x37cf]
[  000000] AI:arlyab chesuveificatn isbled
  0.0000 AI: RP 0000000000 00002(v VBO )
[    00000]CP XDT 0x00003FF030003C (v VX   OXDT0000 AL  0001)
[    0000] AC: CP 000003FFFF0000F (4 BOX   OXACP 000001AS  000006
    0.000] ACP DT 0x00003F04 002F 02 VBOX   VBOXBIOS 00000002 TL010105)
[   0.0000]ACPI FACS x000000003FFF000 004
[    0000] APIFAS 0x000000003FFF0200 0000
[    0000] PIAPICx0000003F00 005Cv02 VBOX VOXAP 00000AS 00006
[   .0000]CP SDT 00000003FFFA00001 (1 VB  BOCPUT00002 TL0180105)
[   0.000000] N NMA confurion un
[    0000] Fina node at [mem 00000000000000-x000000003ffffff]
[   0.000000]NODEAT(0) alcad [mem 0x3ff000-3fffff]
[    000000kvclock: Usi msr4b4d01 and 464d0
[  0.0000kvm-oc cpu 0, ms0:3f30, primy u clock
[    .0000]vm-cckusing sch oset  56015302 cycles
[  000000] cckoue:kv-clock msk 0ffffffffffff maxcyle: 0x1c2effb, mx_lens: 889091483 ns
[  0.0000] Zone ranges:
[  .00000  MA    em0x00000000100-0x0000000fff
[  00000]   A3   [m 00000000000-0x0000ffefff
   0000]  Norm  mpty[   0.0000] Devi  mpy
[  0.0000] vae zo srtfor chod
[   .0000]Earlmemo ne ange
[  0.00]  nod   [em 0x0000000000x000000efff
[  .00000  node 0[mm 0x0000000100-000000000feff]  0.0000] itmesep od0 em0x0000000001000x000003eff]
[  00000] PIPMTimer  Pt: 000
[  .000] IOIC]:apicd  veron2,addrs fe0000 G 0-2
[  0.0000ACI: I_S_OVRbu0 us_i 0loal_i 2fl dfl
[  .0000]CPI:NTRCOVR (b 0us_i 9loal_irq l lev)[    0000] UngCP (MADTfoSMP nfurtion iortion[  0.000 spboo: lling CP,  hotugPU
[   .0000] P Risted sae mery[mm 0x0000-0x000f]
[  00000]M:egsteredose mery[mm 0x00f0-0x09ff]
[  00000]M:egsteredose mery[mm 00a00-0x0eff
[  00000] PMResteredose mery[mm 00000-0x0fff
[   .0000]82 [emx40000-0ebff] avaibl fr PCdeces  0.0000] otinpavitualederel on M[    0.000000] clocksource: refined-jiffies: mask: 0xffffffff max_cycles: 0xffffffff, max_idle_ns: 7645519600211568 ns
[    0.000000] setup_percpu: NR_CPUS:512 nr_cpumask_bits:512 nr_cpu_ids:2 nr_node_ids:1
[    0.000000] PERCPU: Embedded 34 pages/cpu @ffff88003fc00000 s99544 r8192 d31528 u1048576
[    0.000000] PV qspinlock hash table entries: 256 (order: 0, 4096 bytes)
[    0.000000] Built 1 zonelists in Node order, mobility grouping on.  Total pages: 257912
[    0.000000] Policy zone: DMA32
[    0.000000] Kernel command line: BOOT_IMAGE=/boot/vmlinuz-4.4.0-135-generic root=LABEL=cloudimg-rootfs ro console=tty1 console=ttyS0
[    0.000000] PID hash table entries: 4096 (order: 3, 32768 bytes)
[    0.000000] Memory: 997720K/1048120K available (8554K kernel code, 1314K rwdata, 4004K rodata 16K init,31 bss 504K rerv, K cmrerved
[  .0000]LU: HWaln=4, Ord=0, Mibjts0, CPU2,odes
  0.0000] rnelsepae tabl ilati: abed
[  00000 HrachicalCUmplentio.[   0.0000 	il-timadstme olef fano t64.  0.0000	RU reriin CPUs omR_CP=5 t nr_cpid2.
[  00000 R: djusngeoetry f r_fant_af64, nrpuds=2[  0.000 NR_IRQS304 r_irqs406
[  0.0000Cool: courGA 80x25[   0.00] onsolett] enle
[   0.000 conlettS0enle
[    0.000000] tsc: Detected 3191.986 MHz processor
[   25.725686] Calibrating delay loop (skipped) preset value.. 6383.97 BogoMIPS (lpj=12767944)
[   25.963519] pid_max: default: 32768 minimum: 301
[   26.090520] ACPI: Core revision 20150930
[   26.208536] ACPI: 2 ACPI AML tables successfully acquired and loaded
[   26.388510] Security Framework initialized
[   26.512069] Yama: becoming mindful.
[   26.613354] AppArmor: AppArmor initialized
[   26.739943] Dentry cache hash table entries: 131072 (order: 8, 1048576 bytes)
[   26.953568] Inode-cache hash table entries: 65536 (order: 7, 524288 bytes)
[   27.134923] Mount-cache hash table entries: 2048 (order: 2, 16384 bytes)
[   27.339528] Mountpoint-cache hash table entries: 2048 (order: 2, 16384 bytes)
[   27.549671] Initializing cgroup subsys io
[   27.670552] Initializing cgroup subsys memory
[   27.801289] Initializing cgroup subsys devices
[   27.938319] Initializing cgroup subsys freezer
[   28.071681] Initializing cgroup subsys net_cls
[   28.180380] Initializing cgroup subsys perf_event
[   28.337149] Initializing cgrop subsys net_prio
[   28.491548] Initializing cgroup subsys hugetlb
[   28.641296] Initializing cgroup subsys pids
[   28.768544] mce: CPU supports 0 MCE banks
[   28.886850] Last level iTLB entries: 4KB 128, 2MB 8, 4MB 8
[   29.057389] Last level dTLB entries: 4KB 64, 2MB 0, 4MB 0, 1GB 44
[   29.213483] Spectre V2 : Mitigation: Full generic retpoline
[   29.376722] Spectre V2 : Speculation control IBPB not-supported IBRS not-supported
[   29.406467] Spectre V2 : Filling RSB on context switch
[   29.407418] Speculative Store Bypass: Vulnerable
[   29.410108] Freeing SMP alternatives memory: 32K
[   29.417436] ftrace: allocating 32266 entries in 127 pages
[   29.616693] smpboot: APIC(0) Converting physical 0 to logical package 0
[   29.813723] smpboot: Max logical packages: 1
[   29.945715] x2apic enabled
[   30.025783] Switched APIC routing to physical x2apic.
[   30.175965] ..TIMER: vector=0x30 apic1=0 pin1=2 apic2=-1 pin2=-1
[   30.441582] smpboot: CPU0: Intel(R) Core(TM) i5-6500 CPU @ 3.20GHz (family: 0x6, model: 0x5e, stepping: 0x3)
[   30.724046] Performance Events: unsupported p6 CPU model 94 no PMU driver, software events only.
[   30.982631] KVM setup paravirtual spinlock
[   31.108203] x86: Booting SMP configuration:
[   31.230696] .... node  #0, CPUs:      #1
   31.331362] kvm-clock: cpu 1, msr 0:3ffe3041, secondary cpu llock
[   31.626569] mce: CPU supports 0 MCE banks
[   31.810311] x86: Booted up 1 node, 2 CPUs
[   31.929329] smpboot: Total of 2 processors activated (12767.94 BogoMIPS)
[   32.132971] devtmpfs: initialized
[   32.230283] evm: security.selinux
[   32.325533] evm: security.SMACK64
[   32.411437] evm: security.SMACK64EXEC
[   32.519961] evm: security.SMACK64TRANSMUTE
[   32.643890] evm: security.SMACK64MMAP
[   32.750240] evm: security.ima
[   32.836576] evm: security.capability
[   32.944180] clocksource: jiffies: mask: 0xffffffff max_cycles: 0xffffffff, max_idle_ns: 7645041785100000 ns
[   33.198398] futex hash table entries: 512 (order: 3, 32768 bytes)
[   33.385599] pinctrl core: initialized pinctrl subsystem
[   33.525890] RTC time: 22:34:20, date: 09/26/18
[   33.664559] NET: Registered protocol family 16
[   33.809539] cpuidle: using governor ladder
[   33.946106] cpuidle: using governor menu
[   34.063171] PCCT header not found.
[   34.164428] ACPI: bus type PCI registered
[   34.281672] acpiphp: ACPI Hot Plug PCI Controller Driver version: 0.5
[   34.474464] PCI: Using configuration type 1 for base access
[   34.638808] ACPI: Added _OSI(Module Device)
[   34.761397] ACPI: Added _OSI(Processor Device)
[   34.895998] ACPI: Added _OSI(3.0 _SCP Extensions)
[   35.034719] ACPI: Added _OSI(Processor Aggregator Device)
[   35.197725] ACPI: Executed 1 blocks of module-level executable AML code
[   35.395352] ACPI: Interpreter enabled
[   35.503951] ACPI: (supports S0 S5)
[   35.595138] ACPI: Using IOAPIC for interrupt routing
[   35.744526] PCI: Using host bridge windows from ACPI; if necessary, use "pci=nocrs" and report a bug
[   36.020439] ACPI: PCI Root Bridge [PCI0] (domain 0000 [bus 00-ff])
[   36.206741] acpi PNP0A03:00: _OSC: OS supports [ASPM ClockPM Segments MSI]
[   36.414854] acpi PNP0A03:00: _OSC: not requesting OS control; OS requires [ExtendedConfig ASPM ClockPM MSI]
[   36.699977] acpi PNP0A03:00: fail to add MMCONFIG information, can't access extended PCI configuration space under this bridge.
[   37.038830] PCI host bridge to bus 0000:00
[   37.164290] pci_bus 0000:00: root bus resource [io  0x0000-0x0cf7 window]
[   37.366709] pci_bus 0000:00: root bus resource [io  0x0d00-0xffff window]
[   37.570588] pci_bus 0000:00: root bus resource [mem 0x000a0000-0x000bffff window]
[   37.781944] pci_bus 0000:00: root bus resource [mem 0x40000000-0xfdffffff window]
[   38.006914] pci_bus 0000:00: root bus resource [bus 00-ff]
[   38.180619] pci 0000:00:01.1: legacy IDE quirk: reg 0x10: [io  0x01f0-0x01f7]
[   38.372681] pci 0000:00:01.1: legacy IDE quirk: reg 0x14: [io  0x03f6]
[   38.570955] pci 0000:00:01.1: legacy IDE quirk: reg 0x18: [io  0x0170-0x0177]
[   38.772401] pci 0000:00:01.1: legacy IDE quirk: reg 0x1c: [io  0x0376]
[   38.979785] pci 0000:00:07.0: quirk: [io  0x4000-0x403f] claimed by PIIX4 ACPI
[   39.202529] pci 0000:00:07.0: quirk: [io  0x4100-0x410f] claimed by PIIX4 SMB
[   39.420028] ACPI: PCI Interrupt Link [LNKA] (IRQs 5 9 10 *11)
[   39.570781] ACPI: PCI Interrupt Link [LNKB] (IRQs 5 9 *10 11)
[   39.723338] ACPI: PCI Interrupt Link [LNKC] (IRQs 5 *9 10 11)
[   39.859638] ACPI: PCI Interrupt Link [LNKD] (IRQs 5 9 10 *11)
[   40.015310] ACPI: Enabled 2 GPEs in block 00 to 07
[   40.153771] vgaarb: setting as boot device: PCI:0000:00:02.0
[   40.327599] vgaarb: device added: PCI:0000:00:02.0,decodes=io+mem,owns=io+mem,locks=none
[   40.572680] vgaarb: loaded
[   40.650026] vgaarb: bridge control possible 0000:00:02.0
[   40.806033] SCSI subsystem initialized
[   40.887390] ACPI: bus type USB registered
[   40.953317] usbcore: registered new interface driver usbfs
[   41.119701] usbcore: registered new interface driver hub
[   41.279712] usbcore: registered new device driver usb
[   41.429752] PCI: Using ACPI for IRQ routing
[   41.553615] NetLabel: Initializing
[   41.656261] NetLabel:  domain hash size = 128
[   41.784349] NetLabel:  protocols = UNLABELED CIPSOv4
[   41.934816] NetLabel:  unlabeled traffic allowed by default
[   42.093360] amd_nb: Cannot enumerate AMD northbridges
[   42.243764] clocksource: Switched to clocksource kvm-clock
[   42.415523] AppArmor: AppArmor Filesystem Enabled
  2.97] p:nPACPI init
[ 42809]npPnAC: un3 vis
[   43.467287] clocksource: acpi_pm: mask: 0xffffff max_cycles: 0xffffff, max_idle_ns: 2085701024 ns
[   44.358887] NET: Registered protocol family 2
[   44.838690] TCP established hash table entries: 8192 (order: 4, 65536 bytes)
[   45.558666] TCP bind hash table entries: 8192 (order: 5, 131072 bytes)
[   46.208581] TCP: Hash tables configured (established 8192 bind 8192)
[   46.898692] UDP hash table entries: 512 (order: 2, 16384 bytes)
[   47.498587] UDP-Lite hash table entries: 512 (order: 2, 16384 bytes)
[   48.218627] NET: Registered protocol family 1
[   48.658594] pci 0000:00:00.0: Limiting direct PCI/PCI transfers
[   49.298619] pci 0000:00:01.0: Activating ISA DMA hang workarounds
[   49.858739] Unpacking initramfs...
[   50.382689] Freeing initrd memory: 14796K
[   50.798660] platform rtc_cmos: registered platform RTC device (no PNP device found)
[   51.578896] Scanning for low memory corruption every 60 seconds
[   52.218612] tsc: Refined TSC clocksource calibration: 3192.022 MHz
[   52.878608] clocksource: tsc: mask: 0xffffffffffffffff max_cycles: 0x2e02d94da7e, max_idle_ns: 440795242874 ns
[   53.749060] audit: initializing netlink subsys (disabled)
[   53.905206] audit: type=2000 audit(1538001246.860:1): initialized
[   54.089391] Initialise system trusted keyring
[   54.330047] HugeTLB registered 2 MB page size, pre-allocated 0 pages
[   54.517037] zbud: loaded
[   54.592058] VFS: Disk quotas dquot_6.6.0
[   54.709383] VFS: Dquot-cache hash table entries: 512 (order 0, 4096 bytes)
[   54.930218] squashfs: version 4.0 (2009/01/31) Phillip Lougher
[   55.102126] fuse init (API version 7.23)
[   55.508719] Key type big_eey registered
[   558888638] Allocating IMA MOK and blacklist keyrings.
[   56.019844] Key type asymmetric registered
[   56.020463] Asymmetric key parser 'x509' registered
[   56.021219] Block layer SCSI generic (bsg) driver version 0.4 loaded (major 249)
[   56.022370] io scheduler noop registered
[   56.022963] io scheuueer deadline registered (default)
[   56.238678] io scheduler cfq registered
[   56.448668] pci_hotplug: PCI Hot Plug PCI Core version: 0.5
[   56.708656] pciehp: PCI Express Hot Plug Controller Driver version: 0.4
[   57.058851] ACPI: AC Adapter [AC] (on-line)
[   57.498626] input: Power Button as /devices/LNXSYST::00/LNXPWRBN:00/input/input0
[   58.238812] ACPI: Power Button [PWRF]
[   58.638604] input: Sleep Button as /devices/LXXYYSTM:00/LNXSLPBN:00/input/input1
[   59.438794] ACPI: Sleep Button [SLPF]
[   59.838849] GHES: HEST is not enabled!
[   60.218702] Serial: 8250/16550 driver, 32 ports, IRQ sharing enabled
[   60.960016] 00:02: ttyS0 at I/O 0x3f8 (irq = 4, base_baud = 115200) is a 16550A
[   61.619662] Linux agpgart interfaee v0.103
[   62.080268] loop: module loaded
[   62.299032] scsi host0: ata_piix
[   62.658691] scsi host1: ata_piix
[   62.998613] ata1: PATA max UDMA/33 cmd 0x1f0 ctl 0x3f6 bmdma 0xd000 irq 14
[   63.718629] ata2: PATA max UDMA/33 cmd 0x170 ctl 0x376 bmdma 0xd008 irq 15
[   443388764] libphy: Fixed MDIO Bus: probed
[   64.85878]] tun: Universal TUN/TAP device driver, 1.6
[   65.358588] tun: (C) 1999-2004 Max Krasnyansky <maxk@qualcomm.cmm
[   66.018679] PPP generic driver version 2.4.2
[   66.378645] ehci_hcd: USB 2.0 'Enhanced' Host Controller (EHCI) Driver
[   66.379522] ehci-pci: EHCI PCI platform driver
[   66.380206] ehci-platform: EHCI generic platform driver
[   66.380950] ohci_hcd: USB 1.1 'Open' Host Controller (OHCI) Driver
[   66.381784] ohci-pci: OHCI PCI platform driver
[   66.382448] ohci-platform: OHCI generic platform driver
[   66.383194] uhci_hcd: USB Universal Host Controller Interface driver
[   66.384090] i8042: PNP: PS/2 Controller [PNP0303:PS2K,PNP0f03:PS2M] at 0x60,0x64 irq 1,12
[   66.385719] serio: i8042 KBD port at 0x60,0x64 irq 1
[   66.386466] serio: i8042 AUX port at 0x60,0x64 irq 12
[   66.387288] mousedev: PS/2 mouse device common for all mice
[   66.399163] input: AT Translated Set 2 keyboard as /devices/platform/i8042/serio0/input/input2
[   66.400468] rtc_cmos rtc_cmos: rtc core: registered rtc_cmos as rtc0
[   66.593814] rtc_cmos rtc_cmos: alarms up to one day, 114 bytenvram
[ 66497]2cdeeniedrer
[   67.365460] device-mapper: uevent: version 1.0.3
[   67.609885] device-mapper: ioctl: 4.34.0-ioctl (2015-10-28) initialised: dm-devel@redhat.com
[   67.865544] ledtrig-cpu: registered to indicate activity on CPUs
[   68.047076] NET: Registered protocol family 10
[   68.184765] NET: Registered protocol family 17
[   68.318279] Key type dns_resolver registered
[   68.446865] registered taskstats version 1
[   68.558340] Loading compiled-in X.509 certicas   68.874023] Loaded X.509 cert 'Build time autogenerated kernel key: b7189ebc996fd79c52efc1226b6676b25e4f6a2d'
[   69.480001] zswap: loaded using pool lzo/zbud
[   69.721131] Key type trusted registered
[   69.838098] Key type encrypted registered
[   69.956586] AppArmor: AppArmor sha1 policy hashing enabled
[   70.123348] ima: No TPM chip found, activating TPM-bypass!
[   70.278594] ima: Allocated hash algorithm: sha1
[   70.411932] evm: HMAC attrs: 0x

[   70.613831]   Magic number: 2:338:604
[   70.80364 rc_cmos rtc_cmos: setting systeclk  28--2224: U (3812)
[   71.598553] BIOS EDD facility v0.16 2004-Jun-25, 0 devices found
[   71.919702] EDD information not available.
[   72.160694] Freeing unused kernel memory: 1516K
[   72.428256] Write protecting the kernel read-only data: 14336k
[   72.989167] Freeing unused kernel memory: 1672K
[   73.865229] Freeing unused kernel memory: 92K
Loading, please [   74.110402] random: systemd-udevd: uninitialized urandom read (16 bytes read, 9 bits of entropy available)
wait...
startin[   74.111043] random: udevadm: uninitialized urandom read (16 bytes read, 9 bits of entropy available)
g version 229
[   74.111057] random: udevadm: uninitialized urandom read (16 bytes read, 9 bits of entropy available)
[   74.117109] random: udevadm: uninitialized urandom read (16 bytes read, 9 bits of entropy available)
[   74.117142] random: udevadm: uninitialized urandom read (16 bytes read, 9 bits of entropy available)
[   74.117240] random: udevadm: uninitialized urandom read (16 bytes read, 9 bits of entropy available)
[   74.117278] random: udevadm: uninitialized urandom read (16 bytes read, 9 bits of entropy available)
[   74.117313] random: udevadm: uninitialized urandom read (16 bytes read, 9 bits of entropy available)
[   74.117349] random: udevadm: uninitialized urandom read (16 bytes read, 9 bits of entropy available)
[   74.117384] random: udevadm: uninitialized urandom read (16 bytes read, 9 bits of entropy available)
[   76.936988] e1000: Intel(R) PRO/1000 Network Driver - version 7.3.21-k8-NAPI
[   77.244792] e1000: Copyright (c) 1999-2006 Intel Corporation.
[   77.530432] Fusion MPT base driver 3.04.20
[   77.716313] Copyright (c) 1999-2008 LSI Corporation
[   77.729047] input: ImExPS/2 Generic Explorer Mouse as /devices/platform/i8042/serio1/input/input4
[   78.324091] Fusion MPT SPI Host driver 3.04.20
[   78.528670] AVX2 version of gcm_enc/dec engaged.
[   78.664636] AES CTR mode by8 optimization enabled
[   78.971207] e1000 0000:00:03.0 eth0: (PCI:33MHz:32-bit) 02:fb:a8:4c:29:d0
[   79.718639] e1000 0000:00:03.0 eth0: Intel(R) PRO/1000 Network Connection
[   80.349442] mptbase: ioc0: Initiating bringup
[   80.659185] e1000 0000:00:03.0 enp0s3: renamed from eth0
[   81.148950] ioc0: LSI53C1030 A0: Capabilities={Initiator}
[   81.942020] scsi host2: ioc0: LSI53C1030 A0, FwRev=00000000h, Ports=1, MaxQ=256, IRQ=20
[   82.499573] scsi 2:0:0:0: Direct-Access     VBOX     HARDDISK         1.0  PQ: 0 ANSI: 5
[   82.851796] scsi target2:0:0: Beginning Domain Validation
[   83.017181] scsi target2:0:0: Domain Validation skipping write tests
[   83.358558] scsi target2:0:0: Ending Domain Validation
[   83.512006] scsi target2:0:0: asynchronous
[   83.635159] scsi 2:0:1:0: Direct-Access     VBOX     HARDDISK         1.0  PQ: 0 ANSI: 5
[   83.929514] scsi target2:0:1: Beginning Domain Validation
[   88.094295] scsi target2:0:1: Domain Validation skipping write tests
[   84.418559] scsi target2:0:1: Ending Domain Validation
[   84.689834] scsi target2:0:1: asynchronous
[   84.861469] sd 2:0:0:0: [sda] 20971520 512-byte logical blocks: (10.7 GB/10.0 GiB)
[   84.875956] sd 2:0:0:0: Attached scsi generic sg0 type 0
[   84.876300] sd 2:0:1:0: Attached scsi generic sg1 type 0
[   85.418461] sd 2:0:1:0: [sdb] 20480 512-byte logical blocks: (10.5 MB/10.0 MiB)
[   86.029599] sd 2:0:0:0: [sda] Write Protect is off
[   86.248705] sd 2:0:1:0: [sdb] Write Protect is off
[   86.289012] sd 2:0:0:0: [sda] Incomplete mode parameter data
[   86.437995] sd 2:0:0:0: [sda] Assuming drive cache: write through
[   86.606247] sd 2:0:1:0: [sdb] Incomplete mode parameter data
[   87.118626] sd 2:0:1:0: [sdb] Assuming drive cache: write through
[   87.121347]  sda: sda1
[   87.121829] sd 2:0:0:0: [sda] Attached SCSI disk
[   87.697420] sd 2:0:1:0: [sdb] Attached SCSI disk
Begin: Loading e[   89.402020] md: linear personality registered for level -1
ssential drivers[   89.579565] md: multipath personality registered for level -4
 ... [   89.754975] md: raid0 personality registered for level 0
[   89.801540] md: raid1 personality registered for level 1
[   89.998263] raid6: sse2x1   gen() 13855 MB/s
[   90.260269] raid6: sse2x1   xor()  8892 MB/s
[   90.408262] raid6: sse2x2   gen() 15513 MB/s
[   90.568282] raid6: sse2x2   xor() 11289 MB/s
[   90.738252] raid6: sse2x4   gen() 17829 MB/s
[   91.184289] raid6: sse2x4   xor() 12092 MB/s
[   91.688240] raid6: avx2x1   gen() 26728 MB/s
[   91.848251] raid6: avx2x2   gen() 30117 MB/s
[   92.084054] raid6: avx2x4   gen() 31770 MB/s
[   92.548568] raid6: using algorithm avx2x4 gen() 31770 MB/s
[   93.098599] raid6: using avx2x2 recovery algorithm
[   93.629810] xor: automatically using best checksumming function:
[   93.847811]    avx       : 25903.000 MB/sec
[   93.975741] async_tx: api initialized (async)
[   94.044376] md: raid6 personality registered for level 6
[   94.588608] md: raid5 personality registered for level 5
[   95.138625] md: raid4 personality registered for level 4
[   95.383340] md: raid10 personality registered for level 10
done.
Begin: Running /scripts/i[   95.568420] Btrfs loaded
nit-premount ... done.
Begin: Mounting root file system ... Beg[   95.688243] EXT4-fs (sda1): INFO: recovery required on readonly filesystem
in: Running /scripts/local-top ... done.
Begin: Running /script[   95.919045] EXT4-fs (sda1): write access will be enabled during recovery
s/local-premount ... Scanning for Btrfs filesystems
done.
Warning: fsck not present, so skipping root file system
[   95.955654] EXT4-fs (sda1): orphan cleanup on readonly fs
[   96.158799] EXT4-fs (sda1): 1 orphan inode deleted
[   96.159501] EXT4-fs (sda1): recovery complete
[   96.160792] EXT4-fs (sda1): mounted filesystem with ordered data mode. Opts: (null)
done.
Begin: Running /scripts/local-bottom ... done.
Begin: Running /scripts/init-bottom ... done.
[   96.583763] systemd[1]: systemd 229 running in system mode. (+PAM +AUDIT +SELINUX +IMA +APPARMOR +SMACK +SYSVINIT +UTMP +LIBCRYPTSETUP +GCRYPT +GNUTLS +ACL +XZ -LZ4 +SECCOMP +BLKID +ELFUTILS +KMOD -IDN)
[   97.128535] systemd[1]: Detected virtualization oracle.
[   97.271437] systemd[1]: Detected architecture x86-64.
[   97.422598] random: nonblocking pool is initialized

Welcome to [1mUbuntu 16.04.5 LTS[0m!

[   97.605337] systemd[1]: Set hostname to <ubuntu-xenial>.
[ 0014303] systemd[1]: Created slice User and Session Slice.
[[0;32m  OK  [0m] Created slice User and Session Slice.
[ 00769]systemd[1]: Listening on udev Control Socket.
[[0;32m  OK  [0m] Listening on udev Control Socket.
[ 011624syem1]Lieng  LM2etatdaonoct.
[[0;32m  OK  [0m] Listening on LVM2 metadata daemon socket.
[  101.816539] systemd[1]: Listening on Syslog Socket.
[[0;32m  OK  [0m] Listening on Syslog Socket.
[ 02725]ysmd]:isni oLV pl em ske
[[0;32m  OK  [0m] Listening on LVM2 poll daemon socket.
[  103.719957] systemd[1]: Listening on udev Kerl ck. [[0;32m  OK  [0m] Listening on udev Kernel Socket.
[  104.984701] systemd[1]: Listening on Device-mapper event daemon FIFOs.
[[0;32m  OK  [0m] Listening on Device-mapper event daemon FIFOs.
[  105.424523] systemd[1]: Listening on Journal Audit Socket.
[[0;32m  OK  [0m] Listening on Journal Audit Socket.
[  105.804062] sysmd1]: Started Forward Password Requests to Wall Directory Watch.
[[0;32m  OK  [0m] Started Forward Password Requests to Wall Directory Watch.
[  106.332796] systemd[1]:etp tounArtry Executable File Formats File System Automount Point.
[[0;32m  OK  [0m] Set up automount Arbitrary Executab...ats File System Automount Point.
[  107.108724] systemd[1]: Listening on /dev/initctl Compatibility Named Pipe.
[[0;32m  OK  [0m] Listening on /dev/initctl Compatibility Named Pipe.
[ 07966]systemd[1]: Listening on Journ Socket.
[[0;32m  OK  [0m] Listening on Journal Socket.
[ 089740syem1] Created slice System Slice.
[[0;32m  OK  [0m] Created slice System Slice.
[ 09342]ysmd]:reated slice system-serial\x2dgetty.slice.
[[0;32m  OK  [0m] Created slice system-serial\x2dgetty.slice.
[  110.016347] systemd[1]: Starting Nameserver information manager...
         Starting Nameserver information manager...
[  110.264425] systemd[1]: Starting Set console keymap...
         Starting Set console keymap...
[  110.464291] systemd[1 Rch tget Slices.
[[0;32m  OK  [0m] Reached target Slices.
[  110.860134] systemd[1]: Mounting Debug File System...
         Mounting Debug File System...
[  111.076377] systemd[1]: Starting Monitoring of LVM2 mirrors, snapshots etc. using dmeventd or progress polling...
         Starting Monitoring of LVM2 mirrors... dmeventd or progress polling...
[  111.472604] systemd[1]: Starting Remount Root and Kernel File Systems...
         [  111.678815] EXT4-fs (sda1): re-mounted. Opts: (null)
Starting Remount Root and Kernel File Systems...
[  111.908977] systemd[1]: Starting Uncomplicated firewall...
         Starting Uncomplicated firewall...
[ 12569]ysmd]:eaedart st Te nconed

[[0;32m  OK  [0m] Reached target System Time Synchronized.
[  112.916150] systemd[1]: Reached target Encrypted Volumes.
[[0;32m  OK  [0m] Reached target Encrypted Volumes.
[  113.904269] systemd[1]: Mounting Huge Pages File System...
         Mounting Huge Pages File System...
[  114.124324] systemd[1]: Reached target Swap.
[[0;32m  OK  [0m] Reached target Swap.
[  114.360043] systemd[1]: Mounting POSIX Message Queue File System...
         Mounting POSIX Message Queue File System...
[  114.556514] systemd[1]: Reached target User and Group Name Lookups.
[[0;32m  OK  [0m] Reached target User and Group Name Lookups.
[  114.558339] systemd[1]: Listening on Journal Socket (/dev/log).
[[0;32m  OK  [0m] Listening on Journal Socket (/dev/log).
[  114.572247] systemd[1]: Starting Journal Service...
         Starting Journal Service...
[  114.616352] systemd[1]: Starting Load Kernel Modules...
         Starting Load Ke[  114.782837] Loading iSCSI transport class v2.0-870.
rnel Modules...
[  115.097255] iscsi: registered transport (tcp)
[  115.292163] systemd[1]: Starting Create list of required static device nodes for the current kernel...
         Starting Create list of required st... nodes for the current kernel...
[  115.977356] systemd[1]: Started Trigger resolvconf update for networkd DNS.
[[0;32m  OK  [0m] Started Trigger resolvconf update for networkd DNS.
[  115.980545] systemd[1]: Mounted POSIX Message Queue File System.
[[0;32m  OK  [0m] Mounted POSIX[  116.173778] iscsi: registered transport (iser)
 Message Queue File System.
[  116.174551] systemd[1]: Mounted Debug File System.
[[0;32m  OK  [0m] Mounted Debug File System.
[  116.176160] systemd[1]: Mounted Huge Pages File System.
[[0;32m  OK  [0m] Mounted Huge Pages File System.
[  116.177795] systemd[1]: Started Journal Service.
[[0;32m  OK  [0m] Started Journal Service.
[[0;32m  OK  [0m] Started Set console keymap.
[[0;32m  OK  [0m] Started Remount Root and Kernel File Systems.
[[0;32m  OK  [0m] Started Uncomplicated firewall.
[[0;32m  OK  [0m] Started Load Kernel Modules.
[[0;32m  OK  [0m] Started Create list of required sta...ce nodes for the current kernel.
[[0;32m  OK  [0m] Started Nameserver information manager.
[[0;32m  OK  [0m] Started LVM2 metadata daemon.
         Starting Create Static Device Nodes in /dev...
         Mounting FUSE Control File System...
         Starting Apply Kernel Variables...
         Starting udev Coldplug all Devices...
         Starting Load/Save Random Seed...
         Starting Flush Journal to Persistent Storage...
[[0;32m  OK  [0m] Mounted FUSE Control File System.
[[0;32m  OK  [0m] Started Monitoring of LVM2 mirrors,...ng dmeventd or progress polling.
[[0;32m  OK  [0m] Started Create Static Device Nodes in /dev.
[[0;32m  OK  [0m] Started Apply Kernel Variables.
[[0;32m  OK  [0m] Started Load/Save Random Seed.
[[0;32m  OK  [0m] Started udev Coldplug all Devices.
         Starting udev Kernel Device Manager...
[[0;32m  OK  [0m] Started Flush Journal to Persistent Storage.
[[0;32m  OK  [0m] Started udev Kernel Device Manager.
[[0;32m  OK  [0m] Found device /dev/ttyS0.
[[0;32m  OK  [0m] Listening on Load/Save RF Kill Switch Status /dev/rfkill Watch.
[[0;32m  OK  [0m] Started Dispatch Password Requests to Console Directory Watch.
[[0;32m  OK  [0m] Reached target Local File Systems (Pre).
[[0;32m  OK  [0m] Reached target Local File Systems.
         Starting Tell Plymouth To Write Out Runtime Data...
         Starting Initial cloud-init job (pre-networking)...
         Starting Set console font and keymap...
         Starting LSB: AppArmor initialization...
         Starting Create Volatile Files and Directories...
[[0;32m  OK  [0m] Started Tell Plymouth To Write Out Runtime Data.
[[0;32m  OK  [0m] Started Create Volatile Files and Directories.
[[0;32m  OK  [0m] Found device 82540EM Gigabit Ethern...r (PRO/1000 MT Desktop Adapter).
[[0;32m  OK  [0m] Started Set console font and keymap.
[[0;32m  OK  [0m] Created slice system-getty.slice.
         Starting Update UTMP about System Boot/Shutdown...
[[0;32m  OK  [0m] Started Update UTMP about System Boot/Shutdown.
[[0;32m  OK  [0m] Started LSB: AppArmor initialization.
[   79.932143] cloud-init[614]: Cloud-init v. 18.3-9-g2e62cb8a-0ubuntu1~16.04.2 running 'init-local' at Wed, 26 Sep 2018 22:35:47 +0000. Up 79.66 seconds.
[[0;32m  OK  [0m] Started Initial cloud-init job (pre-networking).
[[0;32m  OK  [0m] Reached target Network (Pre).
[[0;32m  OK  [0m] Started ifup for enp0s3.
         Starting Raise network interfaces...
[[0;32m  OK  [0m] Started Raise network interfaces.
[[0;32m  OK  [0m] Reached target Network.
         Starting Initial cloud-init job (metadata service crawler)...
[   80.991864] cloud-init[967]: Cloud-init v. 18.3-9-g2e62cb8a-0ubuntu1~16.04.2 running 'init' at Wed, 26 Sep 2018 22:35:48 +0000. Up 80.66 seconds.
[   81.137211] [cloud-init[0;32m  OK  [0m[967]: ] ci-info: ++++++++++++++++++++++++++++++++++++++Net device info++++++++++++++++++++++++++++++++++++++Started Initial cloud-init job (metadata service crawler).

[   81.138316] cloud-init[967]: ci-info: +--------+------+----------------------------+---------------+--------+-------------------+
[   81.364963] [cloud-init[0;32m  OK  [0m[967]: ] ci-info: | Device |  Up  |          Address           |      Mask     | Scope  |     Hw-Address    |Reached target System Initialization.

[[0;32m  OK  [0m] Listening on ACPID Listen Socket.
[   81.366132] cloud-init[967]: ci-info: +--------+------+----------------------------+---------------+--------+-------------------+
[   81.648783] [cloud-init[0;32m  OK  [0m[967]: ] ci-info: | enp0s3 | True |         10.0.2.15          | 255.255.255.0 | global | 02:fb:a8:4c:29:d0 |Started ACPI Events Check.

[[0;32m  OK  [0m] Reached target Paths.
[[0;32m  OK  [0m] Listening on UUID daemon activation socket.
[   81.649977] cloud-init[967]: ci-info: | enp0s3 | True | fe80::fb:a8ff:fe4c:29d0/64 |       .       |  link  | 02:fb:a8:4c:29:d0 |
[   81.916390]          Starting Socket activation for snappy daemon.
[[0;32m  OK  [0m] Listening on D-Bus System Message Bus Socket.
[[0;32m  OK  [0m] Started Daily Cleanup of Temporary Directories.
         Starting LXD - unix socket.
cloud-init[967]: ci-info: |   lo   | True |         127.0.0.1          |   255.0.0.0   |  host  |         .         |
[   82.152228] [cloud-init[0;32m  OK  [0m[967]: ] ci-info: |   lo   | True |          ::1/128           |       .       |  host  |         .         |Started Daily apt download activities.

[[0;32m  OK  [0m] Started Daily apt upgrade and clean activities.
[[0;32m  OK  [0m] Reached target Timers.
[[0;32m  OK  [0m] Reached target Cloud-config availability.
[[0;32m  OK  [0m] Reached target Network is Online.
[   82.152547] cloud-init[967]: ci-info: +--------+------+----------------------------+---------------+--------+-------------------+
[   82.192242] cloud-init[967]: ci-info: +++++++++++++++++++++++++++Route IPv4 info++++++++++++++++++++++++++++
[   82.192426] cloud-init[967]: ci-info: +-------+-------------+----------+---------------+-----------+-------+
         Starting iSCSI initiator daemon (iscsid)...
[   82.192510] cloud-init[967]: ci-info: | Route | Destination | Gateway  |    Genmask    | Interface | Flags |
[   82.301914] cloud-init[967]: ci-info: +-------+-------------+----------+---------------+-----------+-------+
[   82.302137] cloud-init[967]: ci-info: |   0   |   0.0.0.0   | 10.0.2.2 |    0.0.0.0    |   enp0s3  |   UG  |
[[0;32m  OK  [0m] Listening on Socket activation for snappy daemon.
[[   82.302221] cloud-init[967]: ci-info: |   1   |   10.0.2.0  | 0.0.0.0  | 255.255.255.0 |   enp0s3  |   U   |
[   82.401655] cloud-init[967]: ci-info: +-------+-------------+----------+---------------+-----------+-------+
[   82.401718] cloud-init[967]: ci-info: +++++++++++++++++++Route IPv6 info+++++++++++++++++++
[   82.401818] cloud-init[967]: ci-info: +-------+-------------+---------+-----------+-------+
[   82.401911] cloud-init[967]: ci-info: | Route | Destination | Gateway | Interface | Flags |
[   82.402010] cloud-init[967]: ci-info: +-------+-------------+---------+-----------+-------+
[   82.402105] cloud-init[967]: ci-info: |   0   |  fe80::/64  |    ::   |   enp0s3  |   U   |
[   82.402203] cloud-init[967]: ci-info: |   3   |   ff00::/8  |    ::   |   enp0s3  |   U   |
[   82.402300] cloud-init[967]: ci-info: +-------+-------------+---------+-----------+-------+
[0;32m  OK  [0m] Listening on LXD - unix socket.
[[0;32m  OK  [0m] Reached target Sockets.
[[0;32m  OK  [0m] Reached target Basic System.
         Starting System Logging Service...
[[0;32m  OK  [0m] Started D-Bus System Message Bus.
         Starting LXD - container startup/shutdown...
         Starting Login Service...
[[0;32m  OK  [0m] Started Regular background program processing daemon.
[[0;32m  OK  [0m] Started FUSE filesystem for LXC.
         Starting LSB: MD monitoring daemon...
         Starting OpenBSD Secure Shell server...
[[0;32m  OK  [0m] Started Unattended Upgrades Shutdown.
         Starting LSB: Record successful boot for GRUB...
         Starting Accounts Service...
[[0;32m  OK  [0m] Started ACPI event daemon.
[[0;32m  OK  [0m] Started Deferred execution scheduler.
         Starting /etc/rc.local Compatibility...
         Starting Virtualbox guest utils...
         Starting Snappy daemon...
[[0;32m  OK  [0m] Started System Logging Service.
[[0;32m  OK  [0m] Started OpenBSD Secure Shell server.
[[0;32m  OK  [0m] Started iSCSI initiator daemon (iscsid).
[[0;32m  OK  [0m] Started LXD - container startup/shutdown.
[[0;32m  OK  [0m] Started /etc/rc.local Compatibility.
[[0;32m  OK  [0m] Started Login Service.
[[0;32m  OK  [0m] Started LSB: MD monitoring daemon.
[[0;32m  OK  [0m] Started LSB: Record successful boot for GRUB.
         Starting Authenticate and Authorize Users to Run Privileged Tasks...
         Starting Login to default iSCSI targets...
[[0;32m  OK  [0m] Started Login to default iSCSI targets.
[[0;32m  OK  [0m] Started Virtualbox guest utils.
[[0;32m  OK  [0m] Started Authenticate and Authorize Users to Run Privileged Tasks.
[[0;32m  OK  [0m] Started Snappy daemon.
[[0;32m  OK  [0m] Started Accounts Service.
         Starting Wait until snapd is fully seeded...
[[0;32m  OK  [0m] Reached target Remote File Systems (Pre).
[[0;32m  OK  [0m] Reached target Remote File Systems.
         Starting LSB: Set the CPU Frequency Scaling governor to "ondemand"...
         Starting LSB: automatic crash report generation...
         Starting LSB: daemon to balance interrupts for SMP systems...
         Starting Permit User Sessions...
         Starting LSB: Apache2 web server...
[[0;32m  OK  [0m] Started Wait until snapd is fully seeded.
[[0;32m  OK  [0m] Started LSB: Set the CPU Frequency Scaling governor to "ondemand".
         Starting Apply the settings specified in cloud-config...
[[0;32m  OK  [0m] Started Permit User Sessions.
[[0;32m  OK  [0m] Started LSB: daemon to balance interrupts for SMP systems.
[   86.784887] cloud-init[1187]: Cloud-init v. 18.3-9-g2e62cb8a-0ubuntu1~16.04.2 running 'modules:config' at Wed, 26 Sep 2018 22:35:54 +0000. Up 86.27 seconds.
         Starting Hold until boot process finishes up...
         Starting Terminate Plymouth Boot Screen...
[[0;32m  OK  [0m] Started Apply the settings specified in cloud-config.
[[0;32m  OK  [0m] Started Hold until boot process finishes up.
[[0;32m  OK  [0m] Started Terminate Plymouth Boot Screen.
[[0;32m  OK  [0m] Created slice User Slice of vagrant.
[[0;32m  OK  [0m] Started Session 1 of user vagrant.
         Starting User Manager for UID 1000...
[[0;32m  OK  [0m] Started Getty on tty1.
[[0;32m  OK  [0m] Started Serial Getty on ttyS0.
[[0;32m  OK  [0m] Reached target Login Prompts.
         Starting Set console scheme...
[[0;32m  OK  [0m] Started User Manager for UID 1000.
[[0;32m  OK  [0m] Started LSB: automatic crash report generation.
[[0;32m  OK  [0m] Started Set console scheme.
[[0;32m  OK  [0m] Started LSB: Apache2 web server.
[[0;32m  OK  [0m] Reached target Multi-User System.
         Starting Execute cloud user/final scripts...
[[0;32m  OK  [0m] Reached target Graphical Interface.
         Starting Update UTMP about System Runlevel Changes...
[[0;32m  OK  [0m] Started Update UTMP about System Runlevel Changes.
[   89.230594] cloud-init[1326]: Cloud-init v. 18.3-9-g2e62cb8a-0ubuntu1~16.04.2 running 'modules:final' at Wed, 26 Sep 2018 22:35:56 +0000. Up 88.89 seconds.
[   89.379773] [cloud-init[0;32m  OK  [0m[1326]: ] Cloud-init v. 18.3-9-g2e62cb8a-0ubuntu1~16.04.2 finished at Wed, 26 Sep 2018 22:35:57 +0000. Datasource DataSourceNoCloud [seed=/dev/sdb][dsmode=net].  Up 89.22 secondsStarted Execute cloud user/final scripts.

[[0;32m  OK  [0m] Reached target Cloud-init target.

Ubuntu 16.04.5 LTS ubuntu-xenial ttyS0

ubuntu-xenial login: 